2025-05-04 01:02:22,525 [1] INFO  Microsoft.Hosting.Lifetime - Now listening on: https://localhost:7109
2025-05-04 01:02:22,531 [1] INFO  Microsoft.Hosting.Lifetime - Now listening on: http://localhost:5108
2025-05-04 01:02:22,606 [1] INFO  Microsoft.Hosting.Lifetime - Application started. Press Ctrl+C to shut down.
2025-05-04 01:02:22,607 [1] INFO  Microsoft.Hosting.Lifetime - Hosting environment: Development
2025-05-04 01:02:22,607 [1] INFO  Microsoft.Hosting.Lifetime - Content root path: C:\GitHub\Assignment\EmployeeSystem\EmployeeSystem
2025-05-04 01:02:29,105 [.NET TP Worker] INFO  EmployeeSystem.API.Controllers.EmployeeController - Getting employees...
2025-05-04 01:02:30,143 [.NET TP Worker] WARN  Microsoft.EntityFrameworkCore.Model.Validation - No store type was specified for the decimal property 'HourlyRate' on entity type 'Employee'. This will cause values to be silently truncated if they do not fit in the default precision and scale. Explicitly specify the SQL server column type that can accommodate all the values in 'OnModelCreating' using 'HasColumnType', specify precision and scale using 'HasPrecision', or configure a value converter using 'HasConversion'.
2025-05-04 01:02:30,145 [.NET TP Worker] WARN  Microsoft.EntityFrameworkCore.Model.Validation - No store type was specified for the decimal property 'HoursWorked' on entity type 'Employee'. This will cause values to be silently truncated if they do not fit in the default precision and scale. Explicitly specify the SQL server column type that can accommodate all the values in 'OnModelCreating' using 'HasColumnType', specify precision and scale using 'HasPrecision', or configure a value converter using 'HasConversion'.
2025-05-04 01:02:31,069 [.NET TP Worker] WARN  Microsoft.EntityFrameworkCore.Query - The query uses a row limiting operator ('Skip'/'Take') without an 'OrderBy' operator. This may lead to unpredictable results. If the 'Distinct' operator is used after 'OrderBy', then make sure to use the 'OrderBy' operator after 'Distinct' as the ordering would otherwise get erased.
2025-05-04 01:02:31,069 [.NET TP Worker] WARN  Microsoft.EntityFrameworkCore.Query - The query uses a row limiting operator ('Skip'/'Take') without an 'OrderBy' operator. This may lead to unpredictable results. If the 'Distinct' operator is used after 'OrderBy', then make sure to use the 'OrderBy' operator after 'Distinct' as the ordering would otherwise get erased.
2025-05-04 01:02:31,612 [.NET TP Worker] INFO  Microsoft.EntityFrameworkCore.Database.Command - Executed DbCommand (100ms) [Parameters=[@__p_0='?' (DbType = Int32), @__p_1='?' (DbType = Int32)], CommandType='Text', CommandTimeout='30']
SELECT [e].[EmployeeNumber], [e].[Name], [e].[HourlyRate], [e].[HoursWorked]
FROM [Employees] AS [e]
ORDER BY (SELECT 1)
OFFSET @__p_0 ROWS FETCH NEXT @__p_1 ROWS ONLY
2025-05-04 01:02:31,666 [.NET TP Worker] ERROR Microsoft.EntityFrameworkCore.Query - An exception occurred while iterating over the results of a query for context type 'EmployeeSystem.Data.AppDbContext'.
System.InvalidCastException: Unable to cast object of type 'System.Int32' to type 'System.Decimal'.
   at Microsoft.Data.SqlClient.SqlBuffer.get_Decimal()
   at Microsoft.Data.SqlClient.SqlDataReader.GetDecimal(Int32 i)
   at lambda_method13(Closure, QueryContext, DbDataReader, ResultContext, SingleQueryResultCoordinator)
   at Microsoft.EntityFrameworkCore.Query.Internal.SingleQueryingEnumerable`1.AsyncEnumerator.MoveNextAsync()
System.InvalidCastException: Unable to cast object of type 'System.Int32' to type 'System.Decimal'.
   at Microsoft.Data.SqlClient.SqlBuffer.get_Decimal()
   at Microsoft.Data.SqlClient.SqlDataReader.GetDecimal(Int32 i)
   at lambda_method13(Closure, QueryContext, DbDataReader, ResultContext, SingleQueryResultCoordinator)
   at Microsoft.EntityFrameworkCore.Query.Internal.SingleQueryingEnumerable`1.AsyncEnumerator.MoveNextAsync()
2025-05-04 01:02:31,752 [.NET TP Worker] ERROR Microsoft.AspNetCore.Diagnostics.DeveloperExceptionPageMiddleware - An unhandled exception has occurred while executing the request.
System.InvalidCastException: Unable to cast object of type 'System.Int32' to type 'System.Decimal'.
   at Microsoft.Data.SqlClient.SqlBuffer.get_Decimal()
   at Microsoft.Data.SqlClient.SqlDataReader.GetDecimal(Int32 i)
   at lambda_method13(Closure, QueryContext, DbDataReader, ResultContext, SingleQueryResultCoordinator)
   at Microsoft.EntityFrameworkCore.Query.Internal.SingleQueryingEnumerable`1.AsyncEnumerator.MoveNextAsync()
   at Microsoft.EntityFrameworkCore.EntityFrameworkQueryableExtensions.ToListAsync[TSource](IQueryable`1 source, CancellationToken cancellationToken)
   at Microsoft.EntityFrameworkCore.EntityFrameworkQueryableExtensions.ToListAsync[TSource](IQueryable`1 source, CancellationToken cancellationToken)
   at EmployeeSystem.Services.EmployeeSystemService.GetAllAsync(String nameFilter, Int32 page, Int32 pageSize) in C:\GitHub\Assignment\EmployeeSystem\EmployeeSystem.Services\Services\EmployeeSystemService.cs:line 48
   at EmployeeSystem.API.Controllers.EmployeeController.GetAll(String name, Int32 page, Int32 pageSize) in C:\GitHub\Assignment\EmployeeSystem\EmployeeSystem\Controllers\EmployeeController.cs:line 25
   at Microsoft.AspNetCore.Mvc.Infrastructure.ActionMethodExecutor.TaskOfIActionResultExecutor.Execute(ActionContext actionContext, IActionResultTypeMapper mapper, ObjectMethodExecutor executor, Object controller, Object[] arguments)
   at Microsoft.AspNetCore.Mvc.Infrastructure.ControllerActionInvoker.<InvokeActionMethodAsync>g__Awaited|12_0(ControllerActionInvoker invoker, ValueTask`1 actionResultValueTask)
   at Microsoft.AspNetCore.Mvc.Infrastructure.ControllerActionInvoker.<InvokeNextActionFilterAsync>g__Awaited|10_0(ControllerActionInvoker invoker, Task lastTask, State next, Scope scope, Object state, Boolean isCompleted)
   at Microsoft.AspNetCore.Mvc.Infrastructure.ControllerActionInvoker.Rethrow(ActionExecutedContextSealed context)
   at Microsoft.AspNetCore.Mvc.Infrastructure.ControllerActionInvoker.Next(State& next, Scope& scope, Object& state, Boolean& isCompleted)
   at Microsoft.AspNetCore.Mvc.Infrastructure.ControllerActionInvoker.<InvokeInnerFilterAsync>g__Awaited|13_0(ControllerActionInvoker invoker, Task lastTask, State next, Scope scope, Object state, Boolean isCompleted)
   at Microsoft.AspNetCore.Mvc.Infrastructure.ResourceInvoker.<InvokeFilterPipelineAsync>g__Awaited|20_0(ResourceInvoker invoker, Task lastTask, State next, Scope scope, Object state, Boolean isCompleted)
   at Microsoft.AspNetCore.Mvc.Infrastructure.ResourceInvoker.<InvokeAsync>g__Awaited|17_0(ResourceInvoker invoker, Task task, IDisposable scope)
   at Microsoft.AspNetCore.Mvc.Infrastructure.ResourceInvoker.<InvokeAsync>g__Awaited|17_0(ResourceInvoker invoker, Task task, IDisposable scope)
   at Microsoft.AspNetCore.Authorization.AuthorizationMiddleware.Invoke(HttpContext context)
   at Swashbuckle.AspNetCore.SwaggerUI.SwaggerUIMiddleware.Invoke(HttpContext httpContext)
   at Swashbuckle.AspNetCore.Swagger.SwaggerMiddleware.Invoke(HttpContext httpContext, ISwaggerProvider swaggerProvider)
   at Microsoft.AspNetCore.Authentication.AuthenticationMiddleware.Invoke(HttpContext context)
   at Microsoft.AspNetCore.Diagnostics.DeveloperExceptionPageMiddlewareImpl.Invoke(HttpContext context)
2025-05-04 01:05:33,537 [1] INFO  Microsoft.Hosting.Lifetime - Now listening on: https://localhost:7109
2025-05-04 01:05:33,549 [1] INFO  Microsoft.Hosting.Lifetime - Now listening on: http://localhost:5108
2025-05-04 01:05:33,625 [1] INFO  Microsoft.Hosting.Lifetime - Application started. Press Ctrl+C to shut down.
2025-05-04 01:05:33,625 [1] INFO  Microsoft.Hosting.Lifetime - Hosting environment: Development
2025-05-04 01:05:33,625 [1] INFO  Microsoft.Hosting.Lifetime - Content root path: C:\GitHub\Assignment\EmployeeSystem\EmployeeSystem
2025-05-04 01:05:41,826 [.NET TP Worker] INFO  EmployeeSystem.API.Controllers.EmployeeController - Getting employees...
2025-05-04 01:05:42,722 [.NET TP Worker] WARN  Microsoft.EntityFrameworkCore.Model.Validation - No store type was specified for the decimal property 'HourlyRate' on entity type 'Employee'. This will cause values to be silently truncated if they do not fit in the default precision and scale. Explicitly specify the SQL server column type that can accommodate all the values in 'OnModelCreating' using 'HasColumnType', specify precision and scale using 'HasPrecision', or configure a value converter using 'HasConversion'.
2025-05-04 01:05:42,722 [.NET TP Worker] WARN  Microsoft.EntityFrameworkCore.Model.Validation - No store type was specified for the decimal property 'HoursWorked' on entity type 'Employee'. This will cause values to be silently truncated if they do not fit in the default precision and scale. Explicitly specify the SQL server column type that can accommodate all the values in 'OnModelCreating' using 'HasColumnType', specify precision and scale using 'HasPrecision', or configure a value converter using 'HasConversion'.
2025-05-04 01:06:12,769 [1] INFO  Microsoft.Hosting.Lifetime - Now listening on: https://localhost:7109
2025-05-04 01:06:12,775 [1] INFO  Microsoft.Hosting.Lifetime - Now listening on: http://localhost:5108
2025-05-04 01:06:12,836 [1] INFO  Microsoft.Hosting.Lifetime - Application started. Press Ctrl+C to shut down.
2025-05-04 01:06:12,837 [1] INFO  Microsoft.Hosting.Lifetime - Hosting environment: Development
2025-05-04 01:06:12,837 [1] INFO  Microsoft.Hosting.Lifetime - Content root path: C:\GitHub\Assignment\EmployeeSystem\EmployeeSystem
2025-05-04 01:06:18,058 [.NET TP Worker] INFO  EmployeeSystem.API.Controllers.EmployeeController - Getting employees...
2025-05-04 01:06:18,635 [.NET TP Worker] WARN  Microsoft.EntityFrameworkCore.Model.Validation - No store type was specified for the decimal property 'HourlyRate' on entity type 'Employee'. This will cause values to be silently truncated if they do not fit in the default precision and scale. Explicitly specify the SQL server column type that can accommodate all the values in 'OnModelCreating' using 'HasColumnType', specify precision and scale using 'HasPrecision', or configure a value converter using 'HasConversion'.
2025-05-04 01:06:18,635 [.NET TP Worker] WARN  Microsoft.EntityFrameworkCore.Model.Validation - No store type was specified for the decimal property 'HoursWorked' on entity type 'Employee'. This will cause values to be silently truncated if they do not fit in the default precision and scale. Explicitly specify the SQL server column type that can accommodate all the values in 'OnModelCreating' using 'HasColumnType', specify precision and scale using 'HasPrecision', or configure a value converter using 'HasConversion'.
2025-05-04 01:06:23,601 [.NET TP Worker] WARN  Microsoft.EntityFrameworkCore.Query - The query uses a row limiting operator ('Skip'/'Take') without an 'OrderBy' operator. This may lead to unpredictable results. If the 'Distinct' operator is used after 'OrderBy', then make sure to use the 'OrderBy' operator after 'Distinct' as the ordering would otherwise get erased.
2025-05-04 01:06:23,602 [.NET TP Worker] WARN  Microsoft.EntityFrameworkCore.Query - The query uses a row limiting operator ('Skip'/'Take') without an 'OrderBy' operator. This may lead to unpredictable results. If the 'Distinct' operator is used after 'OrderBy', then make sure to use the 'OrderBy' operator after 'Distinct' as the ordering would otherwise get erased.
2025-05-04 01:06:23,847 [.NET TP Worker] INFO  Microsoft.EntityFrameworkCore.Database.Command - Executed DbCommand (39ms) [Parameters=[@__p_0='?' (DbType = Int32), @__p_1='?' (DbType = Int32)], CommandType='Text', CommandTimeout='30']
SELECT [e].[EmployeeNumber], [e].[Name], [e].[HourlyRate], [e].[HoursWorked]
FROM [Employees] AS [e]
ORDER BY (SELECT 1)
OFFSET @__p_0 ROWS FETCH NEXT @__p_1 ROWS ONLY
2025-05-04 01:06:23,869 [.NET TP Worker] ERROR Microsoft.EntityFrameworkCore.Query - An exception occurred while iterating over the results of a query for context type 'EmployeeSystem.Data.AppDbContext'.
System.InvalidCastException: Unable to cast object of type 'System.Int32' to type 'System.Decimal'.
   at Microsoft.Data.SqlClient.SqlBuffer.get_Decimal()
   at Microsoft.Data.SqlClient.SqlDataReader.GetDecimal(Int32 i)
   at lambda_method13(Closure, QueryContext, DbDataReader, ResultContext, SingleQueryResultCoordinator)
   at Microsoft.EntityFrameworkCore.Query.Internal.SingleQueryingEnumerable`1.AsyncEnumerator.MoveNextAsync()
System.InvalidCastException: Unable to cast object of type 'System.Int32' to type 'System.Decimal'.
   at Microsoft.Data.SqlClient.SqlBuffer.get_Decimal()
   at Microsoft.Data.SqlClient.SqlDataReader.GetDecimal(Int32 i)
   at lambda_method13(Closure, QueryContext, DbDataReader, ResultContext, SingleQueryResultCoordinator)
   at Microsoft.EntityFrameworkCore.Query.Internal.SingleQueryingEnumerable`1.AsyncEnumerator.MoveNextAsync()
2025-05-04 01:06:23,948 [.NET TP Worker] ERROR Microsoft.AspNetCore.Diagnostics.DeveloperExceptionPageMiddleware - An unhandled exception has occurred while executing the request.
System.InvalidCastException: Unable to cast object of type 'System.Int32' to type 'System.Decimal'.
   at Microsoft.Data.SqlClient.SqlBuffer.get_Decimal()
   at Microsoft.Data.SqlClient.SqlDataReader.GetDecimal(Int32 i)
   at lambda_method13(Closure, QueryContext, DbDataReader, ResultContext, SingleQueryResultCoordinator)
   at Microsoft.EntityFrameworkCore.Query.Internal.SingleQueryingEnumerable`1.AsyncEnumerator.MoveNextAsync()
   at Microsoft.EntityFrameworkCore.EntityFrameworkQueryableExtensions.ToListAsync[TSource](IQueryable`1 source, CancellationToken cancellationToken)
   at Microsoft.EntityFrameworkCore.EntityFrameworkQueryableExtensions.ToListAsync[TSource](IQueryable`1 source, CancellationToken cancellationToken)
   at EmployeeSystem.Services.EmployeeSystemService.GetAllAsync(String nameFilter, Int32 page, Int32 pageSize) in C:\GitHub\Assignment\EmployeeSystem\EmployeeSystem.Services\Services\EmployeeSystemService.cs:line 48
   at EmployeeSystem.API.Controllers.EmployeeController.GetAll(String name, Int32 page, Int32 pageSize) in C:\GitHub\Assignment\EmployeeSystem\EmployeeSystem\Controllers\EmployeeController.cs:line 25
   at Microsoft.AspNetCore.Mvc.Infrastructure.ActionMethodExecutor.TaskOfIActionResultExecutor.Execute(ActionContext actionContext, IActionResultTypeMapper mapper, ObjectMethodExecutor executor, Object controller, Object[] arguments)
   at Microsoft.AspNetCore.Mvc.Infrastructure.ControllerActionInvoker.<InvokeActionMethodAsync>g__Awaited|12_0(ControllerActionInvoker invoker, ValueTask`1 actionResultValueTask)
   at Microsoft.AspNetCore.Mvc.Infrastructure.ControllerActionInvoker.<InvokeNextActionFilterAsync>g__Awaited|10_0(ControllerActionInvoker invoker, Task lastTask, State next, Scope scope, Object state, Boolean isCompleted)
   at Microsoft.AspNetCore.Mvc.Infrastructure.ControllerActionInvoker.Rethrow(ActionExecutedContextSealed context)
   at Microsoft.AspNetCore.Mvc.Infrastructure.ControllerActionInvoker.Next(State& next, Scope& scope, Object& state, Boolean& isCompleted)
   at Microsoft.AspNetCore.Mvc.Infrastructure.ControllerActionInvoker.<InvokeInnerFilterAsync>g__Awaited|13_0(ControllerActionInvoker invoker, Task lastTask, State next, Scope scope, Object state, Boolean isCompleted)
   at Microsoft.AspNetCore.Mvc.Infrastructure.ResourceInvoker.<InvokeFilterPipelineAsync>g__Awaited|20_0(ResourceInvoker invoker, Task lastTask, State next, Scope scope, Object state, Boolean isCompleted)
   at Microsoft.AspNetCore.Mvc.Infrastructure.ResourceInvoker.<InvokeAsync>g__Awaited|17_0(ResourceInvoker invoker, Task task, IDisposable scope)
   at Microsoft.AspNetCore.Mvc.Infrastructure.ResourceInvoker.<InvokeAsync>g__Awaited|17_0(ResourceInvoker invoker, Task task, IDisposable scope)
   at Microsoft.AspNetCore.Authorization.AuthorizationMiddleware.Invoke(HttpContext context)
   at Swashbuckle.AspNetCore.SwaggerUI.SwaggerUIMiddleware.Invoke(HttpContext httpContext)
   at Swashbuckle.AspNetCore.Swagger.SwaggerMiddleware.Invoke(HttpContext httpContext, ISwaggerProvider swaggerProvider)
   at Microsoft.AspNetCore.Authentication.AuthenticationMiddleware.Invoke(HttpContext context)
   at Microsoft.AspNetCore.Diagnostics.DeveloperExceptionPageMiddlewareImpl.Invoke(HttpContext context)
2025-05-04 01:09:06,871 [1] INFO  Microsoft.Hosting.Lifetime - Now listening on: https://localhost:7109
2025-05-04 01:09:06,879 [1] INFO  Microsoft.Hosting.Lifetime - Now listening on: http://localhost:5108
2025-05-04 01:09:06,942 [1] INFO  Microsoft.Hosting.Lifetime - Application started. Press Ctrl+C to shut down.
2025-05-04 01:09:06,942 [1] INFO  Microsoft.Hosting.Lifetime - Hosting environment: Development
2025-05-04 01:09:06,942 [1] INFO  Microsoft.Hosting.Lifetime - Content root path: C:\GitHub\Assignment\EmployeeSystem\EmployeeSystem
2025-05-04 01:09:11,390 [.NET TP Worker] INFO  EmployeeSystem.API.Controllers.EmployeeController - Getting employees...
2025-05-04 01:09:12,266 [.NET TP Worker] WARN  Microsoft.EntityFrameworkCore.Model.Validation - No store type was specified for the decimal property 'HourlyRate' on entity type 'Employee'. This will cause values to be silently truncated if they do not fit in the default precision and scale. Explicitly specify the SQL server column type that can accommodate all the values in 'OnModelCreating' using 'HasColumnType', specify precision and scale using 'HasPrecision', or configure a value converter using 'HasConversion'.
2025-05-04 01:09:12,267 [.NET TP Worker] WARN  Microsoft.EntityFrameworkCore.Model.Validation - No store type was specified for the decimal property 'HoursWorked' on entity type 'Employee'. This will cause values to be silently truncated if they do not fit in the default precision and scale. Explicitly specify the SQL server column type that can accommodate all the values in 'OnModelCreating' using 'HasColumnType', specify precision and scale using 'HasPrecision', or configure a value converter using 'HasConversion'.
2025-05-04 01:09:32,310 [.NET TP Worker] WARN  Microsoft.EntityFrameworkCore.Query - The query uses a row limiting operator ('Skip'/'Take') without an 'OrderBy' operator. This may lead to unpredictable results. If the 'Distinct' operator is used after 'OrderBy', then make sure to use the 'OrderBy' operator after 'Distinct' as the ordering would otherwise get erased.
2025-05-04 01:09:32,311 [.NET TP Worker] WARN  Microsoft.EntityFrameworkCore.Query - The query uses a row limiting operator ('Skip'/'Take') without an 'OrderBy' operator. This may lead to unpredictable results. If the 'Distinct' operator is used after 'OrderBy', then make sure to use the 'OrderBy' operator after 'Distinct' as the ordering would otherwise get erased.
2025-05-04 01:09:32,896 [.NET TP Worker] INFO  Microsoft.EntityFrameworkCore.Database.Command - Executed DbCommand (101ms) [Parameters=[@__p_0='?' (DbType = Int32), @__p_1='?' (DbType = Int32)], CommandType='Text', CommandTimeout='30']
SELECT [e].[EmployeeNumber], [e].[Name], [e].[HourlyRate], [e].[HoursWorked]
FROM [Employees] AS [e]
ORDER BY (SELECT 1)
OFFSET @__p_0 ROWS FETCH NEXT @__p_1 ROWS ONLY
2025-05-04 01:09:32,926 [.NET TP Worker] ERROR Microsoft.EntityFrameworkCore.Query - An exception occurred while iterating over the results of a query for context type 'EmployeeSystem.Data.AppDbContext'.
System.InvalidCastException: Unable to cast object of type 'System.Int32' to type 'System.Decimal'.
   at Microsoft.Data.SqlClient.SqlBuffer.get_Decimal()
   at Microsoft.Data.SqlClient.SqlDataReader.GetDecimal(Int32 i)
   at lambda_method13(Closure, QueryContext, DbDataReader, ResultContext, SingleQueryResultCoordinator)
   at Microsoft.EntityFrameworkCore.Query.Internal.SingleQueryingEnumerable`1.AsyncEnumerator.MoveNextAsync()
System.InvalidCastException: Unable to cast object of type 'System.Int32' to type 'System.Decimal'.
   at Microsoft.Data.SqlClient.SqlBuffer.get_Decimal()
   at Microsoft.Data.SqlClient.SqlDataReader.GetDecimal(Int32 i)
   at lambda_method13(Closure, QueryContext, DbDataReader, ResultContext, SingleQueryResultCoordinator)
   at Microsoft.EntityFrameworkCore.Query.Internal.SingleQueryingEnumerable`1.AsyncEnumerator.MoveNextAsync()
2025-05-04 01:09:33,018 [.NET TP Worker] ERROR Microsoft.AspNetCore.Diagnostics.DeveloperExceptionPageMiddleware - An unhandled exception has occurred while executing the request.
System.InvalidCastException: Unable to cast object of type 'System.Int32' to type 'System.Decimal'.
   at Microsoft.Data.SqlClient.SqlBuffer.get_Decimal()
   at Microsoft.Data.SqlClient.SqlDataReader.GetDecimal(Int32 i)
   at lambda_method13(Closure, QueryContext, DbDataReader, ResultContext, SingleQueryResultCoordinator)
   at Microsoft.EntityFrameworkCore.Query.Internal.SingleQueryingEnumerable`1.AsyncEnumerator.MoveNextAsync()
   at Microsoft.EntityFrameworkCore.EntityFrameworkQueryableExtensions.ToListAsync[TSource](IQueryable`1 source, CancellationToken cancellationToken)
   at Microsoft.EntityFrameworkCore.EntityFrameworkQueryableExtensions.ToListAsync[TSource](IQueryable`1 source, CancellationToken cancellationToken)
   at EmployeeSystem.Services.EmployeeSystemService.GetAllAsync(String nameFilter, Int32 page, Int32 pageSize) in C:\GitHub\Assignment\EmployeeSystem\EmployeeSystem.Services\Services\EmployeeSystemService.cs:line 48
   at EmployeeSystem.API.Controllers.EmployeeController.GetAll(String name, Int32 page, Int32 pageSize) in C:\GitHub\Assignment\EmployeeSystem\EmployeeSystem\Controllers\EmployeeController.cs:line 25
   at Microsoft.AspNetCore.Mvc.Infrastructure.ActionMethodExecutor.TaskOfIActionResultExecutor.Execute(ActionContext actionContext, IActionResultTypeMapper mapper, ObjectMethodExecutor executor, Object controller, Object[] arguments)
   at Microsoft.AspNetCore.Mvc.Infrastructure.ControllerActionInvoker.<InvokeActionMethodAsync>g__Awaited|12_0(ControllerActionInvoker invoker, ValueTask`1 actionResultValueTask)
   at Microsoft.AspNetCore.Mvc.Infrastructure.ControllerActionInvoker.<InvokeNextActionFilterAsync>g__Awaited|10_0(ControllerActionInvoker invoker, Task lastTask, State next, Scope scope, Object state, Boolean isCompleted)
   at Microsoft.AspNetCore.Mvc.Infrastructure.ControllerActionInvoker.Rethrow(ActionExecutedContextSealed context)
   at Microsoft.AspNetCore.Mvc.Infrastructure.ControllerActionInvoker.Next(State& next, Scope& scope, Object& state, Boolean& isCompleted)
   at Microsoft.AspNetCore.Mvc.Infrastructure.ControllerActionInvoker.<InvokeInnerFilterAsync>g__Awaited|13_0(ControllerActionInvoker invoker, Task lastTask, State next, Scope scope, Object state, Boolean isCompleted)
   at Microsoft.AspNetCore.Mvc.Infrastructure.ResourceInvoker.<InvokeFilterPipelineAsync>g__Awaited|20_0(ResourceInvoker invoker, Task lastTask, State next, Scope scope, Object state, Boolean isCompleted)
   at Microsoft.AspNetCore.Mvc.Infrastructure.ResourceInvoker.<InvokeAsync>g__Awaited|17_0(ResourceInvoker invoker, Task task, IDisposable scope)
   at Microsoft.AspNetCore.Mvc.Infrastructure.ResourceInvoker.<InvokeAsync>g__Awaited|17_0(ResourceInvoker invoker, Task task, IDisposable scope)
   at Microsoft.AspNetCore.Authorization.AuthorizationMiddleware.Invoke(HttpContext context)
   at Swashbuckle.AspNetCore.SwaggerUI.SwaggerUIMiddleware.Invoke(HttpContext httpContext)
   at Swashbuckle.AspNetCore.Swagger.SwaggerMiddleware.Invoke(HttpContext httpContext, ISwaggerProvider swaggerProvider)
   at Microsoft.AspNetCore.Authentication.AuthenticationMiddleware.Invoke(HttpContext context)
   at Microsoft.AspNetCore.Diagnostics.DeveloperExceptionPageMiddlewareImpl.Invoke(HttpContext context)
2025-05-04 01:09:54,189 [.NET TP Worker] INFO  EmployeeSystem.API.Controllers.EmployeeController - Getting employees...
2025-05-04 01:10:12,789 [.NET TP Worker] INFO  Microsoft.EntityFrameworkCore.Database.Command - Executed DbCommand (15ms) [Parameters=[@__p_0='?' (DbType = Int32), @__p_1='?' (DbType = Int32)], CommandType='Text', CommandTimeout='30']
SELECT [e].[EmployeeNumber], [e].[Name], [e].[HourlyRate], [e].[HoursWorked]
FROM [Employees] AS [e]
ORDER BY (SELECT 1)
OFFSET @__p_0 ROWS FETCH NEXT @__p_1 ROWS ONLY
2025-05-04 01:10:12,790 [.NET TP Worker] ERROR Microsoft.EntityFrameworkCore.Query - An exception occurred while iterating over the results of a query for context type 'EmployeeSystem.Data.AppDbContext'.
System.InvalidCastException: Unable to cast object of type 'System.Int32' to type 'System.Decimal'.
   at Microsoft.Data.SqlClient.SqlBuffer.get_Decimal()
   at Microsoft.Data.SqlClient.SqlDataReader.GetDecimal(Int32 i)
   at lambda_method13(Closure, QueryContext, DbDataReader, ResultContext, SingleQueryResultCoordinator)
   at Microsoft.EntityFrameworkCore.Query.Internal.SingleQueryingEnumerable`1.AsyncEnumerator.MoveNextAsync()
System.InvalidCastException: Unable to cast object of type 'System.Int32' to type 'System.Decimal'.
   at Microsoft.Data.SqlClient.SqlBuffer.get_Decimal()
   at Microsoft.Data.SqlClient.SqlDataReader.GetDecimal(Int32 i)
   at lambda_method13(Closure, QueryContext, DbDataReader, ResultContext, SingleQueryResultCoordinator)
   at Microsoft.EntityFrameworkCore.Query.Internal.SingleQueryingEnumerable`1.AsyncEnumerator.MoveNextAsync()
2025-05-04 01:10:12,823 [.NET TP Worker] ERROR Microsoft.AspNetCore.Diagnostics.DeveloperExceptionPageMiddleware - An unhandled exception has occurred while executing the request.
System.InvalidCastException: Unable to cast object of type 'System.Int32' to type 'System.Decimal'.
   at Microsoft.Data.SqlClient.SqlBuffer.get_Decimal()
   at Microsoft.Data.SqlClient.SqlDataReader.GetDecimal(Int32 i)
   at lambda_method13(Closure, QueryContext, DbDataReader, ResultContext, SingleQueryResultCoordinator)
   at Microsoft.EntityFrameworkCore.Query.Internal.SingleQueryingEnumerable`1.AsyncEnumerator.MoveNextAsync()
   at Microsoft.EntityFrameworkCore.EntityFrameworkQueryableExtensions.ToListAsync[TSource](IQueryable`1 source, CancellationToken cancellationToken)
   at Microsoft.EntityFrameworkCore.EntityFrameworkQueryableExtensions.ToListAsync[TSource](IQueryable`1 source, CancellationToken cancellationToken)
   at EmployeeSystem.Services.EmployeeSystemService.GetAllAsync(String nameFilter, Int32 page, Int32 pageSize) in C:\GitHub\Assignment\EmployeeSystem\EmployeeSystem.Services\Services\EmployeeSystemService.cs:line 48
   at EmployeeSystem.API.Controllers.EmployeeController.GetAll(String name, Int32 page, Int32 pageSize) in C:\GitHub\Assignment\EmployeeSystem\EmployeeSystem\Controllers\EmployeeController.cs:line 25
   at Microsoft.AspNetCore.Mvc.Infrastructure.ActionMethodExecutor.TaskOfIActionResultExecutor.Execute(ActionContext actionContext, IActionResultTypeMapper mapper, ObjectMethodExecutor executor, Object controller, Object[] arguments)
   at Microsoft.AspNetCore.Mvc.Infrastructure.ControllerActionInvoker.<InvokeActionMethodAsync>g__Awaited|12_0(ControllerActionInvoker invoker, ValueTask`1 actionResultValueTask)
   at Microsoft.AspNetCore.Mvc.Infrastructure.ControllerActionInvoker.<InvokeNextActionFilterAsync>g__Awaited|10_0(ControllerActionInvoker invoker, Task lastTask, State next, Scope scope, Object state, Boolean isCompleted)
   at Microsoft.AspNetCore.Mvc.Infrastructure.ControllerActionInvoker.Rethrow(ActionExecutedContextSealed context)
   at Microsoft.AspNetCore.Mvc.Infrastructure.ControllerActionInvoker.Next(State& next, Scope& scope, Object& state, Boolean& isCompleted)
   at Microsoft.AspNetCore.Mvc.Infrastructure.ControllerActionInvoker.<InvokeInnerFilterAsync>g__Awaited|13_0(ControllerActionInvoker invoker, Task lastTask, State next, Scope scope, Object state, Boolean isCompleted)
   at Microsoft.AspNetCore.Mvc.Infrastructure.ResourceInvoker.<InvokeFilterPipelineAsync>g__Awaited|20_0(ResourceInvoker invoker, Task lastTask, State next, Scope scope, Object state, Boolean isCompleted)
   at Microsoft.AspNetCore.Mvc.Infrastructure.ResourceInvoker.<InvokeAsync>g__Awaited|17_0(ResourceInvoker invoker, Task task, IDisposable scope)
   at Microsoft.AspNetCore.Mvc.Infrastructure.ResourceInvoker.<InvokeAsync>g__Awaited|17_0(ResourceInvoker invoker, Task task, IDisposable scope)
   at Microsoft.AspNetCore.Authorization.AuthorizationMiddleware.Invoke(HttpContext context)
   at Swashbuckle.AspNetCore.SwaggerUI.SwaggerUIMiddleware.Invoke(HttpContext httpContext)
   at Swashbuckle.AspNetCore.Swagger.SwaggerMiddleware.Invoke(HttpContext httpContext, ISwaggerProvider swaggerProvider)
   at Microsoft.AspNetCore.Authentication.AuthenticationMiddleware.Invoke(HttpContext context)
   at Microsoft.AspNetCore.Diagnostics.DeveloperExceptionPageMiddlewareImpl.Invoke(HttpContext context)
2025-05-04 01:10:19,634 [.NET TP Worker] INFO  EmployeeSystem.API.Controllers.EmployeeController - Getting employees...
2025-05-04 01:10:53,781 [.NET TP Worker] INFO  Microsoft.EntityFrameworkCore.Database.Command - Executed DbCommand (5ms) [Parameters=[@__p_0='?' (DbType = Int32), @__p_1='?' (DbType = Int32)], CommandType='Text', CommandTimeout='30']
SELECT [e].[EmployeeNumber], [e].[Name], [e].[HourlyRate], [e].[HoursWorked]
FROM [Employees] AS [e]
ORDER BY (SELECT 1)
OFFSET @__p_0 ROWS FETCH NEXT @__p_1 ROWS ONLY
2025-05-04 01:10:53,782 [.NET TP Worker] ERROR Microsoft.EntityFrameworkCore.Query - An exception occurred while iterating over the results of a query for context type 'EmployeeSystem.Data.AppDbContext'.
System.InvalidCastException: Unable to cast object of type 'System.Int32' to type 'System.Decimal'.
   at Microsoft.Data.SqlClient.SqlBuffer.get_Decimal()
   at Microsoft.Data.SqlClient.SqlDataReader.GetDecimal(Int32 i)
   at lambda_method13(Closure, QueryContext, DbDataReader, ResultContext, SingleQueryResultCoordinator)
   at Microsoft.EntityFrameworkCore.Query.Internal.SingleQueryingEnumerable`1.AsyncEnumerator.MoveNextAsync()
System.InvalidCastException: Unable to cast object of type 'System.Int32' to type 'System.Decimal'.
   at Microsoft.Data.SqlClient.SqlBuffer.get_Decimal()
   at Microsoft.Data.SqlClient.SqlDataReader.GetDecimal(Int32 i)
   at lambda_method13(Closure, QueryContext, DbDataReader, ResultContext, SingleQueryResultCoordinator)
   at Microsoft.EntityFrameworkCore.Query.Internal.SingleQueryingEnumerable`1.AsyncEnumerator.MoveNextAsync()
2025-05-04 01:10:53,814 [.NET TP Worker] ERROR Microsoft.AspNetCore.Diagnostics.DeveloperExceptionPageMiddleware - An unhandled exception has occurred while executing the request.
System.InvalidCastException: Unable to cast object of type 'System.Int32' to type 'System.Decimal'.
   at Microsoft.Data.SqlClient.SqlBuffer.get_Decimal()
   at Microsoft.Data.SqlClient.SqlDataReader.GetDecimal(Int32 i)
   at lambda_method13(Closure, QueryContext, DbDataReader, ResultContext, SingleQueryResultCoordinator)
   at Microsoft.EntityFrameworkCore.Query.Internal.SingleQueryingEnumerable`1.AsyncEnumerator.MoveNextAsync()
   at Microsoft.EntityFrameworkCore.EntityFrameworkQueryableExtensions.ToListAsync[TSource](IQueryable`1 source, CancellationToken cancellationToken)
   at Microsoft.EntityFrameworkCore.EntityFrameworkQueryableExtensions.ToListAsync[TSource](IQueryable`1 source, CancellationToken cancellationToken)
   at EmployeeSystem.Services.EmployeeSystemService.GetAllAsync(String nameFilter, Int32 page, Int32 pageSize) in C:\GitHub\Assignment\EmployeeSystem\EmployeeSystem.Services\Services\EmployeeSystemService.cs:line 48
   at EmployeeSystem.API.Controllers.EmployeeController.GetAll(String name, Int32 page, Int32 pageSize) in C:\GitHub\Assignment\EmployeeSystem\EmployeeSystem\Controllers\EmployeeController.cs:line 25
   at Microsoft.AspNetCore.Mvc.Infrastructure.ActionMethodExecutor.TaskOfIActionResultExecutor.Execute(ActionContext actionContext, IActionResultTypeMapper mapper, ObjectMethodExecutor executor, Object controller, Object[] arguments)
   at Microsoft.AspNetCore.Mvc.Infrastructure.ControllerActionInvoker.<InvokeActionMethodAsync>g__Awaited|12_0(ControllerActionInvoker invoker, ValueTask`1 actionResultValueTask)
   at Microsoft.AspNetCore.Mvc.Infrastructure.ControllerActionInvoker.<InvokeNextActionFilterAsync>g__Awaited|10_0(ControllerActionInvoker invoker, Task lastTask, State next, Scope scope, Object state, Boolean isCompleted)
   at Microsoft.AspNetCore.Mvc.Infrastructure.ControllerActionInvoker.Rethrow(ActionExecutedContextSealed context)
   at Microsoft.AspNetCore.Mvc.Infrastructure.ControllerActionInvoker.Next(State& next, Scope& scope, Object& state, Boolean& isCompleted)
   at Microsoft.AspNetCore.Mvc.Infrastructure.ControllerActionInvoker.<InvokeInnerFilterAsync>g__Awaited|13_0(ControllerActionInvoker invoker, Task lastTask, State next, Scope scope, Object state, Boolean isCompleted)
   at Microsoft.AspNetCore.Mvc.Infrastructure.ResourceInvoker.<InvokeFilterPipelineAsync>g__Awaited|20_0(ResourceInvoker invoker, Task lastTask, State next, Scope scope, Object state, Boolean isCompleted)
   at Microsoft.AspNetCore.Mvc.Infrastructure.ResourceInvoker.<InvokeAsync>g__Awaited|17_0(ResourceInvoker invoker, Task task, IDisposable scope)
   at Microsoft.AspNetCore.Mvc.Infrastructure.ResourceInvoker.<InvokeAsync>g__Awaited|17_0(ResourceInvoker invoker, Task task, IDisposable scope)
   at Microsoft.AspNetCore.Authorization.AuthorizationMiddleware.Invoke(HttpContext context)
   at Swashbuckle.AspNetCore.SwaggerUI.SwaggerUIMiddleware.Invoke(HttpContext httpContext)
   at Swashbuckle.AspNetCore.Swagger.SwaggerMiddleware.Invoke(HttpContext httpContext, ISwaggerProvider swaggerProvider)
   at Microsoft.AspNetCore.Authentication.AuthenticationMiddleware.Invoke(HttpContext context)
   at Microsoft.AspNetCore.Diagnostics.DeveloperExceptionPageMiddlewareImpl.Invoke(HttpContext context)
